<joblist>
  <job>
    <defaultTab>nodes</defaultTab>
    <description></description>
    <executionEnabled>true</executionEnabled>
    <id>baeb59cd-cc94-4b7c-b878-135899251f33</id>
    <loglevel>INFO</loglevel>
    <name>test</name>
    <nodeFilterEditable>false</nodeFilterEditable>
    <plugins />
    <scheduleEnabled>true</scheduleEnabled>
    <sequence keepgoing='false' strategy='node-first'>
      <command>
        <exec>hostname</exec>
      </command>
    </sequence>
    <uuid>baeb59cd-cc94-4b7c-b878-135899251f33</uuid>
  </job>
</joblist>
